<?xml version="1.0" encoding="UTF-8"?>
<!-- Generated by org.testng.reporters.JUnitReportReporter -->
<testsuite hostname="DESKTOP-11NHTKV" failures="0" tests="1" name="com.salesforce.qa.testcases.salesRep.Campaigns_SalesRep" time="59.110" errors="0" timestamp="2023-10-09T22:25:40 IST" skipped="0">
  <testcase classname="com.salesforce.qa.testcases.salesRep.Campaigns_SalesRep" name="createCampaignSalesRep" time="59.110"/>
  <system-out/>
</testsuite> <!-- com.salesforce.qa.testcases.salesRep.Campaigns_SalesRep -->
