<?xml version="1.0" encoding="UTF-8"?>
<!-- Generated by org.testng.reporters.JUnitReportReporter -->
<testsuite hostname="DESKTOP-11NHTKV" failures="0" tests="1" name="com.salesforce.qa.testcases.DeleteRecordTest" time="617.175" errors="0" timestamp="2023-10-08T21:28:12 IST" skipped="0">
  <testcase classname="com.salesforce.qa.testcases.DeleteRecordTest" name="deleteAccountRecord" time="617.175"/>
  <system-out/>
</testsuite> <!-- com.salesforce.qa.testcases.DeleteRecordTest -->
