<?xml version="1.0" encoding="UTF-8"?>
<!-- Generated by org.testng.reporters.JUnitReportReporter -->
<testsuite hostname="DESKTOP-11NHTKV" failures="0" tests="1" name="com.salesforce.qa.testcases.salesRep.Leads_SalesRep" time="62.780" errors="0" timestamp="2023-10-12T16:32:31 IST" skipped="0">
  <testcase classname="com.salesforce.qa.testcases.salesRep.Leads_SalesRep" name="createLeadSalesRep" time="62.780"/>
  <system-out/>
</testsuite> <!-- com.salesforce.qa.testcases.salesRep.Leads_SalesRep -->
