<?xml version="1.0" encoding="UTF-8"?>
<!-- Generated by org.testng.reporters.JUnitReportReporter -->
<testsuite hostname="DESKTOP-11NHTKV" failures="0" tests="1" name="com.salesforce.qa.testcases.LeadsPageTest" time="107.321" errors="0" timestamp="2023-10-12T22:47:15 IST" skipped="0">
  <testcase classname="com.salesforce.qa.testcases.LeadsPageTest" name="createLead" time="107.321"/>
  <system-out/>
</testsuite> <!-- com.salesforce.qa.testcases.LeadsPageTest -->
