<?xml version="1.0" encoding="UTF-8"?>
<!-- Generated by org.testng.reporters.JUnitReportReporter -->
<testsuite hostname="DESKTOP-11NHTKV" failures="0" tests="1" name="com.salesforce.qa.testcases.CampaignsPageTest" time="87.865" errors="0" timestamp="2023-10-12T22:47:15 IST" skipped="0">
  <testcase classname="com.salesforce.qa.testcases.CampaignsPageTest" name="createCampaign" time="87.865"/>
  <system-out/>
</testsuite> <!-- com.salesforce.qa.testcases.CampaignsPageTest -->
